<?xml version="1.0" encoding="UTF-8"?>
<!-- Generated by org.testng.reporters.JUnitReportReporter -->
<testsuite hostname="DESKTOP-9UFGNFU" failures="0" tests="2" name="com.app.qa.ParallelTest" time="-1619411072.000" errors="1" timestamp="2021-04-25T21:23:34 PDT" skipped="1">
  <testcase classname="com.app.qa.ParallelTest" name="beforeTest" time="-1619411072.000">
    <error message="
Parameter &#039;browser&#039; is required by BeforeClass on method beforeTest but has not been marked @Optional or defined
in C:\Projects\SampleProject\testng3.xml" type="org.testng.TestNGException">
      <![CDATA[org.testng.TestNGException: 
Parameter 'browser' is required by BeforeClass on method beforeTest but has not been marked @Optional or defined
in C:\Projects\SampleProject\testng3.xml
at org.testng.internal.Parameters.createParams(Parameters.java:323)
at org.testng.internal.Parameters.createParametersForMethod(Parameters.java:411)
at org.testng.internal.Parameters.createParameters(Parameters.java:734)
at org.testng.internal.Parameters.createConfigurationParameters(Parameters.java:197)
at org.testng.internal.Invoker.invokeConfigurations(Invoker.java:222)
at org.testng.internal.Invoker.invokeConfigurations(Invoker.java:144)
at org.testng.internal.TestMethodWorker.invokeBeforeClassMethods(TestMethodWorker.java:173)
at org.testng.internal.TestMethodWorker.run(TestMethodWorker.java:118)
at java.base/java.util.concurrent.ThreadPoolExecutor.runWorker(ThreadPoolExecutor.java:1130)
at java.base/java.util.concurrent.ThreadPoolExecutor$Worker.run(ThreadPoolExecutor.java:630)
at java.base/java.lang.Thread.run(Thread.java:832)
]]>
    </error>
  </testcase> <!-- beforeTest -->
  <testcase classname="com.app.qa.ParallelTest" name="login" time="0.000">
    <skipped/>
  </testcase> <!-- login -->
</testsuite> <!-- com.app.qa.ParallelTest -->
